10:11:33 **** Incremental Build of configuration Debug for project GPT_Driver ****
make all 
Building file: ../ADC_pro.c
Invoking: AVR Compiler
avr-gcc -Wall -g2 -gstabs -O0 -fpack-struct -fshort-enums -ffunction-sections -fdata-sections -std=gnu99 -funsigned-char -funsigned-bitfields -mmcu=atmega32 -DF_CPU=8000000UL -MMD -MP -MF"ADC_pro.d" -MT"ADC_pro.o" -c -o "ADC_pro.o" "../ADC_pro.c"
Finished building: ../ADC_pro.c
 
Building file: ../DIO_Prog.c
Invoking: AVR Compiler
avr-gcc -Wall -g2 -gstabs -O0 -fpack-struct -fshort-enums -ffunction-sections -fdata-sections -std=gnu99 -funsigned-char -funsigned-bitfields -mmcu=atmega32 -DF_CPU=8000000UL -MMD -MP -MF"DIO_Prog.d" -MT"DIO_Prog.o" -c -o "DIO_Prog.o" "../DIO_Prog.c"
Finished building: ../DIO_Prog.c
 
Building file: ../GPT_prog.c
Invoking: AVR Compiler
avr-gcc -Wall -g2 -gstabs -O0 -fpack-struct -fshort-enums -ffunction-sections -fdata-sections -std=gnu99 -funsigned-char -funsigned-bitfields -mmcu=atmega32 -DF_CPU=8000000UL -MMD -MP -MF"GPT_prog.d" -MT"GPT_prog.o" -c -o "GPT_prog.o" "../GPT_prog.c"
In file included from ../GPT_prog.c:5:
../GPT_int.h:105: error: expected ')' before 'CBF'
../GPT_prog.c:8: error: expected '=', ',', ';', 'asm' or '__attribute__' before 'InternalCBFs'
../GPT_prog.c:68: error: expected ')' before 'CBF'
../GPT_prog.c: In function '__vector_11':
../GPT_prog.c:79: error: 'InternalCBFs' undeclared (first use in this function)
../GPT_prog.c:79: error: (Each undeclared identifier is reported only once
../GPT_prog.c:79: error: for each function it appears in.)
../GPT_prog.c: In function '__vector_10':
../GPT_prog.c:87: error: 'InternalCBFs' undeclared (first use in this function)
../GPT_prog.c: At top level:
../GPT_prog.c:92: error: expected identifier or '(' before '}' token
make: *** [GPT_prog.o] Error 1

10:11:33 Build Finished (took 346ms)

